2024-09-06 19:55:54,011 - DEBUG - Starting new HTTPS connection (1): api.telegram.org:443
2024-09-06 19:55:54,695 - DEBUG - https://api.telegram.org:443 "GET /bot7379104019:AAF6mss6m0TRtgTRyaEeNqI_5ZkN-OAbkTY/getMe HTTP/11" 200 262
2024-09-06 19:55:54,697 - DEBUG - Starting new HTTPS connection (1): api.telegram.org:443
2024-09-06 19:55:56,781 - DEBUG - https://api.telegram.org:443 "GET /bot7379104019:AAF6mss6m0TRtgTRyaEeNqI_5ZkN-OAbkTY/getUpdates?offset=1&timeout=20 HTTP/11" 200 432
2024-09-06 19:55:56,796 - DEBUG - Starting new HTTPS connection (1): api.telegram.org:443
2024-09-06 19:55:57,661 - DEBUG - https://api.telegram.org:443 "POST /bot7379104019:AAF6mss6m0TRtgTRyaEeNqI_5ZkN-OAbkTY/sendMessage?chat_id=6581326766&text=%C4%90ang+d%E1%BB%8Dn+d%E1%BA%B9p+c%C3%A1c+file+c%C5%A9. HTTP/11" 200 330
2024-09-06 19:55:58,701 - DEBUG - https://api.telegram.org:443 "POST /bot7379104019:AAF6mss6m0TRtgTRyaEeNqI_5ZkN-OAbkTY/editMessageText?text=%C4%90ang+b%E1%BA%AFt+%C4%91%E1%BA%A7u+qu%C3%A1+tr%C3%ACnh+make+%7C+Ti%E1%BA%BFn+%C4%91%E1%BB%99+10%25&chat_id=6581326766&message_id=261 HTTP/11" 200 389
2024-09-06 19:55:59,130 - INFO - Output from make: [1;31m> [1;3;39mMaking all for tweak 34306jit…[m
2024-09-06 19:55:59,554 - DEBUG - https://api.telegram.org:443 "POST /bot7379104019:AAF6mss6m0TRtgTRyaEeNqI_5ZkN-OAbkTY/editMessageText?text=%C4%90ang+b%E1%BA%AFt+%C4%91%E1%BA%A7u+qu%C3%A1+tr%C3%ACnh+make+%7C+Ti%E1%BA%BFn+%C4%91%E1%BB%99+12%25&chat_id=6581326766&message_id=261 HTTP/11" 200 389
2024-09-06 19:56:00,713 - INFO - Output from make: [0;32m==> [1;39mCompiling Esp/ImGuiLoad.m (arm64)…[m
2024-09-06 19:56:01,112 - DEBUG - https://api.telegram.org:443 "POST /bot7379104019:AAF6mss6m0TRtgTRyaEeNqI_5ZkN-OAbkTY/editMessageText?text=%C4%90ang+b%E1%BA%AFt+%C4%91%E1%BA%A7u+qu%C3%A1+tr%C3%ACnh+make+%7C+Ti%E1%BA%BFn+%C4%91%E1%BB%99+15%25&chat_id=6581326766&message_id=261 HTTP/11" 200 389
2024-09-06 19:56:02,114 - INFO - Output from make: [0;32m==> [1;39mCompiling SSZipArchive/minizip/ioapi.c (arm64)…[m
2024-09-06 19:56:02,521 - DEBUG - https://api.telegram.org:443 "POST /bot7379104019:AAF6mss6m0TRtgTRyaEeNqI_5ZkN-OAbkTY/editMessageText?text=%C4%90ang+b%E1%BA%AFt+%C4%91%E1%BA%A7u+qu%C3%A1+tr%C3%ACnh+make+%7C+Ti%E1%BA%BFn+%C4%91%E1%BB%99+18%25&chat_id=6581326766&message_id=261 HTTP/11" 200 389
2024-09-06 19:56:03,523 - INFO - Output from make: [0;32m==> [1;39mCompiling Esp/JHUIViewControllerDecoupler.m (arm64)…[m
2024-09-06 19:56:03,956 - DEBUG - https://api.telegram.org:443 "POST /bot7379104019:AAF6mss6m0TRtgTRyaEeNqI_5ZkN-OAbkTY/editMessageText?text=%C4%90ang+b%E1%BA%AFt+%C4%91%E1%BA%A7u+qu%C3%A1+tr%C3%ACnh+make+%7C+Ti%E1%BA%BFn+%C4%91%E1%BB%99+21%25&chat_id=6581326766&message_id=261 HTTP/11" 200 389
2024-09-06 19:56:15,125 - DEBUG - https://api.telegram.org:443 "POST /bot7379104019:AAF6mss6m0TRtgTRyaEeNqI_5ZkN-OAbkTY/sendDocument?chat_id=6581326766 HTTP/11" 200 453
2024-09-06 19:56:15,525 - DEBUG - https://api.telegram.org:443 "POST /bot7379104019:AAF6mss6m0TRtgTRyaEeNqI_5ZkN-OAbkTY/editMessageText?text=%C4%90ang+b%E1%BA%AFt+%C4%91%E1%BA%A7u+qu%C3%A1+tr%C3%ACnh+make+%7C+Ti%E1%BA%BFn+%C4%91%E1%BB%99+100%25&chat_id=6581326766&message_id=261 HTTP/11" 200 390
2024-09-06 19:56:15,922 - DEBUG - https://api.telegram.org:443 "POST /bot7379104019:AAF6mss6m0TRtgTRyaEeNqI_5ZkN-OAbkTY/editMessageText?text=%C4%90%C3%A3+g%E1%BB%ADi+file+th%C3%A0nh+c%C3%B4ng%21&chat_id=6581326766&message_id=261 HTTP/11" 200 351
2024-09-06 19:56:17,001 - DEBUG - https://api.telegram.org:443 "GET /bot7379104019:AAF6mss6m0TRtgTRyaEeNqI_5ZkN-OAbkTY/getUpdates?offset=147435763&timeout=20 HTTP/11" 200 23
2024-09-06 19:56:21,124 - DEBUG - https://api.telegram.org:443 "GET /bot7379104019:AAF6mss6m0TRtgTRyaEeNqI_5ZkN-OAbkTY/getUpdates?offset=147435763&timeout=20 HTTP/11" 200 432
2024-09-06 19:56:21,559 - DEBUG - https://api.telegram.org:443 "POST /bot7379104019:AAF6mss6m0TRtgTRyaEeNqI_5ZkN-OAbkTY/sendMessage?chat_id=6581326766&text=%C4%90ang+d%E1%BB%8Dn+d%E1%BA%B9p+c%C3%A1c+file+c%C5%A9. HTTP/11" 200 330
2024-09-06 19:56:22,529 - DEBUG - https://api.telegram.org:443 "POST /bot7379104019:AAF6mss6m0TRtgTRyaEeNqI_5ZkN-OAbkTY/editMessageText?text=%C4%90ang+b%E1%BA%AFt+%C4%91%E1%BA%A7u+qu%C3%A1+tr%C3%ACnh+make+%7C+Ti%E1%BA%BFn+%C4%91%E1%BB%99+10%25&chat_id=6581326766&message_id=264 HTTP/11" 200 389
2024-09-06 19:56:22,965 - INFO - Output from make: [1;31m> [1;3;39mMaking all for tweak 34306jit…[m
2024-09-06 19:56:23,369 - DEBUG - https://api.telegram.org:443 "POST /bot7379104019:AAF6mss6m0TRtgTRyaEeNqI_5ZkN-OAbkTY/editMessageText?text=%C4%90ang+b%E1%BA%AFt+%C4%91%E1%BA%A7u+qu%C3%A1+tr%C3%ACnh+make+%7C+Ti%E1%BA%BFn+%C4%91%E1%BB%99+12%25&chat_id=6581326766&message_id=264 HTTP/11" 200 389
2024-09-06 19:56:24,565 - INFO - Output from make: [0;32m==> [1;39mCompiling Esp/JHUIViewControllerDecoupler.m (arm64)…[m
2024-09-06 19:56:25,011 - DEBUG - https://api.telegram.org:443 "POST /bot7379104019:AAF6mss6m0TRtgTRyaEeNqI_5ZkN-OAbkTY/editMessageText?text=%C4%90ang+b%E1%BA%AFt+%C4%91%E1%BA%A7u+qu%C3%A1+tr%C3%ACnh+make+%7C+Ti%E1%BA%BFn+%C4%91%E1%BB%99+15%25&chat_id=6581326766&message_id=264 HTTP/11" 200 389
2024-09-06 19:56:26,012 - INFO - Output from make: [0;32m==> [1;39mCompiling SSZipArchive/minizip/ioapi.c (arm64)…[m
2024-09-06 19:56:26,442 - DEBUG - https://api.telegram.org:443 "POST /bot7379104019:AAF6mss6m0TRtgTRyaEeNqI_5ZkN-OAbkTY/editMessageText?text=%C4%90ang+b%E1%BA%AFt+%C4%91%E1%BA%A7u+qu%C3%A1+tr%C3%ACnh+make+%7C+Ti%E1%BA%BFn+%C4%91%E1%BB%99+18%25&chat_id=6581326766&message_id=264 HTTP/11" 200 389
2024-09-06 19:56:27,444 - INFO - Output from make: [0;32m==> [1;39mCompiling Esp/ImGuiLoad.m (arm64)…[m
2024-09-06 19:56:27,888 - DEBUG - https://api.telegram.org:443 "POST /bot7379104019:AAF6mss6m0TRtgTRyaEeNqI_5ZkN-OAbkTY/editMessageText?text=%C4%90ang+b%E1%BA%AFt+%C4%91%E1%BA%A7u+qu%C3%A1+tr%C3%ACnh+make+%7C+Ti%E1%BA%BFn+%C4%91%E1%BB%99+21%25&chat_id=6581326766&message_id=264 HTTP/11" 200 389
2024-09-06 19:56:31,803 - DEBUG - https://api.telegram.org:443 "POST /bot7379104019:AAF6mss6m0TRtgTRyaEeNqI_5ZkN-OAbkTY/sendDocument?chat_id=6581326766 HTTP/11" 200 450
2024-09-06 19:56:32,229 - DEBUG - https://api.telegram.org:443 "POST /bot7379104019:AAF6mss6m0TRtgTRyaEeNqI_5ZkN-OAbkTY/editMessageText?text=%C4%90ang+b%E1%BA%AFt+%C4%91%E1%BA%A7u+qu%C3%A1+tr%C3%ACnh+make+%7C+Ti%E1%BA%BFn+%C4%91%E1%BB%99+100%25&chat_id=6581326766&message_id=264 HTTP/11" 200 390
2024-09-06 19:56:32,634 - DEBUG - https://api.telegram.org:443 "POST /bot7379104019:AAF6mss6m0TRtgTRyaEeNqI_5ZkN-OAbkTY/editMessageText?text=%C4%90%C3%A3+g%E1%BB%ADi+file+th%C3%A0nh+c%C3%B4ng%21&chat_id=6581326766&message_id=264 HTTP/11" 200 351
2024-09-06 19:56:36,325 - DEBUG - https://api.telegram.org:443 "GET /bot7379104019:AAF6mss6m0TRtgTRyaEeNqI_5ZkN-OAbkTY/getUpdates?offset=147435764&timeout=20 HTTP/11" 200 440
2024-09-06 19:56:36,396 - DEBUG - Starting new HTTPS connection (1): api.telegram.org:443
2024-09-06 19:56:37,481 - DEBUG - https://api.telegram.org:443 "POST /bot7379104019:AAF6mss6m0TRtgTRyaEeNqI_5ZkN-OAbkTY/sendDocument?chat_id=6581326766&caption=S%E1%BB%ADa+l%E1%BA%A1i+file+n%C3%A0y+v%C3%A0+g%E1%BB%ADi+l%E1%BA%A1i+cho+bot. HTTP/11" 200 528
2024-09-06 19:56:46,723 - DEBUG - https://api.telegram.org:443 "GET /bot7379104019:AAF6mss6m0TRtgTRyaEeNqI_5ZkN-OAbkTY/getUpdates?offset=147435765&timeout=20 HTTP/11" 200 559
2024-09-06 19:56:47,408 - DEBUG - https://api.telegram.org:443 "GET /bot7379104019:AAF6mss6m0TRtgTRyaEeNqI_5ZkN-OAbkTY/getFile?file_id=BQACAgUAAxkBAAIBDGba_A74h0H53L-OTGpUP85GvrKdAALQEgAC5h7YVq3fWAT843h-NgQ HTTP/11" 200 192
2024-09-06 19:56:47,632 - DEBUG - https://api.telegram.org:443 "GET /file/bot7379104019:AAF6mss6m0TRtgTRyaEeNqI_5ZkN-OAbkTY/documents/file_5.mm HTTP/11" 200 2240
2024-09-06 19:56:47,637 - INFO - Nhận được file config.mm mới.
2024-09-06 19:56:47,638 - INFO - Ghi đè nội dung file config.mm thành công.
2024-09-06 19:56:48,045 - DEBUG - https://api.telegram.org:443 "POST /bot7379104019:AAF6mss6m0TRtgTRyaEeNqI_5ZkN-OAbkTY/sendMessage?chat_id=6581326766&text=%C4%90ang+d%E1%BB%8Dn+d%E1%BA%B9p+c%C3%A1c+file+c%C5%A9. HTTP/11" 200 330
2024-09-06 19:56:49,037 - DEBUG - https://api.telegram.org:443 "POST /bot7379104019:AAF6mss6m0TRtgTRyaEeNqI_5ZkN-OAbkTY/editMessageText?text=%C4%90ang+b%E1%BA%AFt+%C4%91%E1%BA%A7u+qu%C3%A1+tr%C3%ACnh+make+%7C+Ti%E1%BA%BFn+%C4%91%E1%BB%99+10%25&chat_id=6581326766&message_id=269 HTTP/11" 200 389
2024-09-06 19:56:49,530 - INFO - Output from make: [1;31m> [1;3;39mMaking all for tweak 34306jit…[m
2024-09-06 19:56:49,928 - DEBUG - https://api.telegram.org:443 "POST /bot7379104019:AAF6mss6m0TRtgTRyaEeNqI_5ZkN-OAbkTY/editMessageText?text=%C4%90ang+b%E1%BA%AFt+%C4%91%E1%BA%A7u+qu%C3%A1+tr%C3%ACnh+make+%7C+Ti%E1%BA%BFn+%C4%91%E1%BB%99+12%25&chat_id=6581326766&message_id=269 HTTP/11" 200 389
2024-09-06 19:56:51,160 - INFO - Output from make: [0;32m==> [1;39mCompiling Esp/JHUIViewControllerDecoupler.m (arm64)…[m
2024-09-06 19:56:51,554 - DEBUG - https://api.telegram.org:443 "POST /bot7379104019:AAF6mss6m0TRtgTRyaEeNqI_5ZkN-OAbkTY/editMessageText?text=%C4%90ang+b%E1%BA%AFt+%C4%91%E1%BA%A7u+qu%C3%A1+tr%C3%ACnh+make+%7C+Ti%E1%BA%BFn+%C4%91%E1%BB%99+15%25&chat_id=6581326766&message_id=269 HTTP/11" 200 389
2024-09-06 19:56:52,556 - INFO - Output from make: [0;32m==> [1;39mCompiling SSZipArchive/minizip/ioapi.c (arm64)…[m
2024-09-06 19:56:52,952 - DEBUG - https://api.telegram.org:443 "POST /bot7379104019:AAF6mss6m0TRtgTRyaEeNqI_5ZkN-OAbkTY/editMessageText?text=%C4%90ang+b%E1%BA%AFt+%C4%91%E1%BA%A7u+qu%C3%A1+tr%C3%ACnh+make+%7C+Ti%E1%BA%BFn+%C4%91%E1%BB%99+18%25&chat_id=6581326766&message_id=269 HTTP/11" 200 389
2024-09-06 19:56:53,954 - INFO - Output from make: [0;32m==> [1;39mCompiling Esp/ImGuiLoad.m (arm64)…[m
2024-09-06 19:56:54,342 - DEBUG - https://api.telegram.org:443 "POST /bot7379104019:AAF6mss6m0TRtgTRyaEeNqI_5ZkN-OAbkTY/editMessageText?text=%C4%90ang+b%E1%BA%AFt+%C4%91%E1%BA%A7u+qu%C3%A1+tr%C3%ACnh+make+%7C+Ti%E1%BA%BFn+%C4%91%E1%BB%99+21%25&chat_id=6581326766&message_id=269 HTTP/11" 200 389
2024-09-06 19:57:02,679 - DEBUG - https://api.telegram.org:443 "POST /bot7379104019:AAF6mss6m0TRtgTRyaEeNqI_5ZkN-OAbkTY/sendDocument?chat_id=6581326766 HTTP/11" 200 450
2024-09-06 19:57:03,095 - DEBUG - https://api.telegram.org:443 "POST /bot7379104019:AAF6mss6m0TRtgTRyaEeNqI_5ZkN-OAbkTY/editMessageText?text=%C4%90ang+b%E1%BA%AFt+%C4%91%E1%BA%A7u+qu%C3%A1+tr%C3%ACnh+make+%7C+Ti%E1%BA%BFn+%C4%91%E1%BB%99+100%25&chat_id=6581326766&message_id=269 HTTP/11" 200 390
2024-09-06 19:57:03,486 - DEBUG - https://api.telegram.org:443 "POST /bot7379104019:AAF6mss6m0TRtgTRyaEeNqI_5ZkN-OAbkTY/editMessageText?text=%C4%90%C3%A3+g%E1%BB%ADi+file+th%C3%A0nh+c%C3%B4ng%21&chat_id=6581326766&message_id=269 HTTP/11" 200 351
2024-09-06 19:57:06,960 - DEBUG - https://api.telegram.org:443 "GET /bot7379104019:AAF6mss6m0TRtgTRyaEeNqI_5ZkN-OAbkTY/getUpdates?offset=147435766&timeout=20 HTTP/11" 200 23
2024-09-06 19:57:27,181 - DEBUG - https://api.telegram.org:443 "GET /bot7379104019:AAF6mss6m0TRtgTRyaEeNqI_5ZkN-OAbkTY/getUpdates?offset=147435766&timeout=20 HTTP/11" 200 23
2024-09-06 19:57:47,402 - DEBUG - https://api.telegram.org:443 "GET /bot7379104019:AAF6mss6m0TRtgTRyaEeNqI_5ZkN-OAbkTY/getUpdates?offset=147435766&timeout=20 HTTP/11" 200 23
2024-09-06 19:58:07,648 - DEBUG - https://api.telegram.org:443 "GET /bot7379104019:AAF6mss6m0TRtgTRyaEeNqI_5ZkN-OAbkTY/getUpdates?offset=147435766&timeout=20 HTTP/11" 200 23
2024-09-06 19:58:27,896 - DEBUG - https://api.telegram.org:443 "GET /bot7379104019:AAF6mss6m0TRtgTRyaEeNqI_5ZkN-OAbkTY/getUpdates?offset=147435766&timeout=20 HTTP/11" 200 23
2024-09-06 19:58:48,126 - DEBUG - https://api.telegram.org:443 "GET /bot7379104019:AAF6mss6m0TRtgTRyaEeNqI_5ZkN-OAbkTY/getUpdates?offset=147435766&timeout=20 HTTP/11" 200 23
2024-09-06 19:59:08,345 - DEBUG - https://api.telegram.org:443 "GET /bot7379104019:AAF6mss6m0TRtgTRyaEeNqI_5ZkN-OAbkTY/getUpdates?offset=147435766&timeout=20 HTTP/11" 200 23
2024-09-06 19:59:17,759 - DEBUG - https://api.telegram.org:443 "GET /bot7379104019:AAF6mss6m0TRtgTRyaEeNqI_5ZkN-OAbkTY/getUpdates?offset=147435766&timeout=20 HTTP/11" 200 403
2024-09-06 19:59:37,982 - DEBUG - https://api.telegram.org:443 "GET /bot7379104019:AAF6mss6m0TRtgTRyaEeNqI_5ZkN-OAbkTY/getUpdates?offset=147435767&timeout=20 HTTP/11" 200 23
2024-09-06 19:59:58,270 - DEBUG - https://api.telegram.org:443 "GET /bot7379104019:AAF6mss6m0TRtgTRyaEeNqI_5ZkN-OAbkTY/getUpdates?offset=147435767&timeout=20 HTTP/11" 200 23
2024-09-06 20:00:18,484 - DEBUG - https://api.telegram.org:443 "GET /bot7379104019:AAF6mss6m0TRtgTRyaEeNqI_5ZkN-OAbkTY/getUpdates?offset=147435767&timeout=20 HTTP/11" 200 23
2024-09-06 20:00:34,235 - DEBUG - https://api.telegram.org:443 "GET /bot7379104019:AAF6mss6m0TRtgTRyaEeNqI_5ZkN-OAbkTY/getUpdates?offset=147435767&timeout=20 HTTP/11" 200 403
2024-09-06 20:00:54,489 - DEBUG - https://api.telegram.org:443 "GET /bot7379104019:AAF6mss6m0TRtgTRyaEeNqI_5ZkN-OAbkTY/getUpdates?offset=147435768&timeout=20 HTTP/11" 200 23
2024-09-06 20:01:14,709 - DEBUG - https://api.telegram.org:443 "GET /bot7379104019:AAF6mss6m0TRtgTRyaEeNqI_5ZkN-OAbkTY/getUpdates?offset=147435768&timeout=20 HTTP/11" 200 23
2024-09-06 20:01:34,928 - DEBUG - https://api.telegram.org:443 "GET /bot7379104019:AAF6mss6m0TRtgTRyaEeNqI_5ZkN-OAbkTY/getUpdates?offset=147435768&timeout=20 HTTP/11" 200 23
2024-09-06 20:01:55,142 - DEBUG - https://api.telegram.org:443 "GET /bot7379104019:AAF6mss6m0TRtgTRyaEeNqI_5ZkN-OAbkTY/getUpdates?offset=147435768&timeout=20 HTTP/11" 200 23
2024-09-06 20:02:15,370 - DEBUG - https://api.telegram.org:443 "GET /bot7379104019:AAF6mss6m0TRtgTRyaEeNqI_5ZkN-OAbkTY/getUpdates?offset=147435768&timeout=20 HTTP/11" 200 23
2024-09-06 20:02:17,109 - DEBUG - https://api.telegram.org:443 "GET /bot7379104019:AAF6mss6m0TRtgTRyaEeNqI_5ZkN-OAbkTY/getUpdates?offset=147435768&timeout=20 HTTP/11" 200 414
2024-09-06 20:02:17,746 - DEBUG - https://api.telegram.org:443 "POST /bot7379104019:AAF6mss6m0TRtgTRyaEeNqI_5ZkN-OAbkTY/sendDocument?chat_id=5618341371&caption=S%E1%BB%ADa+l%E1%BA%A1i+file+n%C3%A0y+v%C3%A0+g%E1%BB%ADi+l%E1%BA%A1i+cho+bot. HTTP/11" 200 524
2024-09-06 20:02:37,328 - DEBUG - https://api.telegram.org:443 "GET /bot7379104019:AAF6mss6m0TRtgTRyaEeNqI_5ZkN-OAbkTY/getUpdates?offset=147435769&timeout=20 HTTP/11" 200 23
2024-09-06 20:02:57,560 - DEBUG - https://api.telegram.org:443 "GET /bot7379104019:AAF6mss6m0TRtgTRyaEeNqI_5ZkN-OAbkTY/getUpdates?offset=147435769&timeout=20 HTTP/11" 200 23
2024-09-06 20:03:01,959 - DEBUG - https://api.telegram.org:443 "GET /bot7379104019:AAF6mss6m0TRtgTRyaEeNqI_5ZkN-OAbkTY/getUpdates?offset=147435769&timeout=20 HTTP/11" 200 406
2024-09-06 20:03:02,413 - DEBUG - https://api.telegram.org:443 "POST /bot7379104019:AAF6mss6m0TRtgTRyaEeNqI_5ZkN-OAbkTY/sendMessage?chat_id=5618341371&text=%C4%90ang+d%E1%BB%8Dn+d%E1%BA%B9p+c%C3%A1c+file+c%C5%A9. HTTP/11" 200 326
2024-09-06 20:03:03,384 - DEBUG - https://api.telegram.org:443 "POST /bot7379104019:AAF6mss6m0TRtgTRyaEeNqI_5ZkN-OAbkTY/editMessageText?text=%C4%90ang+b%E1%BA%AFt+%C4%91%E1%BA%A7u+qu%C3%A1+tr%C3%ACnh+make+%7C+Ti%E1%BA%BFn+%C4%91%E1%BB%99+10%25&chat_id=5618341371&message_id=276 HTTP/11" 200 385
2024-09-06 20:03:03,816 - INFO - Output from make: [1;31m> [1;3;39mMaking all for tweak 34306jit…[m
2024-09-06 20:03:04,267 - DEBUG - https://api.telegram.org:443 "POST /bot7379104019:AAF6mss6m0TRtgTRyaEeNqI_5ZkN-OAbkTY/editMessageText?text=%C4%90ang+b%E1%BA%AFt+%C4%91%E1%BA%A7u+qu%C3%A1+tr%C3%ACnh+make+%7C+Ti%E1%BA%BFn+%C4%91%E1%BB%99+12%25&chat_id=5618341371&message_id=276 HTTP/11" 200 385
2024-09-06 20:03:05,354 - INFO - Output from make: [0;32m==> [1;39mCompiling Esp/ImGuiLoad.m (arm64)…[m
2024-09-06 20:03:05,754 - DEBUG - https://api.telegram.org:443 "POST /bot7379104019:AAF6mss6m0TRtgTRyaEeNqI_5ZkN-OAbkTY/editMessageText?text=%C4%90ang+b%E1%BA%AFt+%C4%91%E1%BA%A7u+qu%C3%A1+tr%C3%ACnh+make+%7C+Ti%E1%BA%BFn+%C4%91%E1%BB%99+15%25&chat_id=5618341371&message_id=276 HTTP/11" 200 385
2024-09-06 20:03:06,756 - INFO - Output from make: [0;32m==> [1;39mCompiling Esp/JHUIViewControllerDecoupler.m (arm64)…[m
2024-09-06 20:03:07,188 - DEBUG - https://api.telegram.org:443 "POST /bot7379104019:AAF6mss6m0TRtgTRyaEeNqI_5ZkN-OAbkTY/editMessageText?text=%C4%90ang+b%E1%BA%AFt+%C4%91%E1%BA%A7u+qu%C3%A1+tr%C3%ACnh+make+%7C+Ti%E1%BA%BFn+%C4%91%E1%BB%99+18%25&chat_id=5618341371&message_id=276 HTTP/11" 200 385
2024-09-06 20:03:08,189 - INFO - Output from make: [0;32m==> [1;39mCompiling SSZipArchive/minizip/ioapi.c (arm64)…[m
2024-09-06 20:03:08,713 - DEBUG - https://api.telegram.org:443 "POST /bot7379104019:AAF6mss6m0TRtgTRyaEeNqI_5ZkN-OAbkTY/editMessageText?text=%C4%90ang+b%E1%BA%AFt+%C4%91%E1%BA%A7u+qu%C3%A1+tr%C3%ACnh+make+%7C+Ti%E1%BA%BFn+%C4%91%E1%BB%99+21%25&chat_id=5618341371&message_id=276 HTTP/11" 200 385
2024-09-06 20:03:12,826 - DEBUG - https://api.telegram.org:443 "POST /bot7379104019:AAF6mss6m0TRtgTRyaEeNqI_5ZkN-OAbkTY/sendDocument?chat_id=5618341371 HTTP/11" 200 446
2024-09-06 20:03:13,229 - DEBUG - https://api.telegram.org:443 "POST /bot7379104019:AAF6mss6m0TRtgTRyaEeNqI_5ZkN-OAbkTY/editMessageText?text=%C4%90ang+b%E1%BA%AFt+%C4%91%E1%BA%A7u+qu%C3%A1+tr%C3%ACnh+make+%7C+Ti%E1%BA%BFn+%C4%91%E1%BB%99+100%25&chat_id=5618341371&message_id=276 HTTP/11" 200 386
2024-09-06 20:03:13,633 - DEBUG - https://api.telegram.org:443 "POST /bot7379104019:AAF6mss6m0TRtgTRyaEeNqI_5ZkN-OAbkTY/editMessageText?text=%C4%90%C3%A3+g%E1%BB%ADi+file+th%C3%A0nh+c%C3%B4ng%21&chat_id=5618341371&message_id=276 HTTP/11" 200 347
2024-09-06 20:03:22,196 - DEBUG - https://api.telegram.org:443 "GET /bot7379104019:AAF6mss6m0TRtgTRyaEeNqI_5ZkN-OAbkTY/getUpdates?offset=147435770&timeout=20 HTTP/11" 200 23
2024-09-06 20:03:38,859 - DEBUG - https://api.telegram.org:443 "GET /bot7379104019:AAF6mss6m0TRtgTRyaEeNqI_5ZkN-OAbkTY/getUpdates?offset=147435770&timeout=20 HTTP/11" 200 545
2024-09-06 20:03:39,541 - DEBUG - https://api.telegram.org:443 "GET /bot7379104019:AAF6mss6m0TRtgTRyaEeNqI_5ZkN-OAbkTY/getFile?file_id=BQACAgUAAxkBAAIBFmba_apZFnYEOe21Bs6er7yyQY5SAALhEQAC91fYVhKGqws5guxbNgQ HTTP/11" 200 192
2024-09-06 20:03:39,751 - DEBUG - https://api.telegram.org:443 "GET /file/bot7379104019:AAF6mss6m0TRtgTRyaEeNqI_5ZkN-OAbkTY/documents/file_6.mm HTTP/11" 200 2222
2024-09-06 20:03:39,768 - INFO - Nhận được file config.mm mới.
2024-09-06 20:03:39,769 - INFO - Ghi đè nội dung file config.mm thành công.
2024-09-06 20:03:40,201 - DEBUG - https://api.telegram.org:443 "POST /bot7379104019:AAF6mss6m0TRtgTRyaEeNqI_5ZkN-OAbkTY/sendMessage?chat_id=5618341371&text=%C4%90ang+d%E1%BB%8Dn+d%E1%BA%B9p+c%C3%A1c+file+c%C5%A9. HTTP/11" 200 326
2024-09-06 20:03:41,145 - DEBUG - https://api.telegram.org:443 "POST /bot7379104019:AAF6mss6m0TRtgTRyaEeNqI_5ZkN-OAbkTY/editMessageText?text=%C4%90ang+b%E1%BA%AFt+%C4%91%E1%BA%A7u+qu%C3%A1+tr%C3%ACnh+make+%7C+Ti%E1%BA%BFn+%C4%91%E1%BB%99+10%25&chat_id=5618341371&message_id=279 HTTP/11" 200 385
2024-09-06 20:03:41,593 - INFO - Output from make: [1;31m> [1;3;39mMaking all for tweak 34306jit…[m
2024-09-06 20:03:41,990 - DEBUG - https://api.telegram.org:443 "POST /bot7379104019:AAF6mss6m0TRtgTRyaEeNqI_5ZkN-OAbkTY/editMessageText?text=%C4%90ang+b%E1%BA%AFt+%C4%91%E1%BA%A7u+qu%C3%A1+tr%C3%ACnh+make+%7C+Ti%E1%BA%BFn+%C4%91%E1%BB%99+12%25&chat_id=5618341371&message_id=279 HTTP/11" 200 385
2024-09-06 20:03:43,234 - INFO - Output from make: [0;32m==> [1;39mCompiling Esp/JHUIViewControllerDecoupler.m (arm64)…[m
2024-09-06 20:03:43,645 - DEBUG - https://api.telegram.org:443 "POST /bot7379104019:AAF6mss6m0TRtgTRyaEeNqI_5ZkN-OAbkTY/editMessageText?text=%C4%90ang+b%E1%BA%AFt+%C4%91%E1%BA%A7u+qu%C3%A1+tr%C3%ACnh+make+%7C+Ti%E1%BA%BFn+%C4%91%E1%BB%99+15%25&chat_id=5618341371&message_id=279 HTTP/11" 200 385
2024-09-06 20:03:44,647 - INFO - Output from make: [0;32m==> [1;39mCompiling Esp/ImGuiLoad.m (arm64)…[m
2024-09-06 20:03:45,047 - DEBUG - https://api.telegram.org:443 "POST /bot7379104019:AAF6mss6m0TRtgTRyaEeNqI_5ZkN-OAbkTY/editMessageText?text=%C4%90ang+b%E1%BA%AFt+%C4%91%E1%BA%A7u+qu%C3%A1+tr%C3%ACnh+make+%7C+Ti%E1%BA%BFn+%C4%91%E1%BB%99+18%25&chat_id=5618341371&message_id=279 HTTP/11" 200 385
2024-09-06 20:03:46,048 - INFO - Output from make: [0;32m==> [1;39mCompiling config.mm (arm64)…[m
2024-09-06 20:03:46,459 - DEBUG - https://api.telegram.org:443 "POST /bot7379104019:AAF6mss6m0TRtgTRyaEeNqI_5ZkN-OAbkTY/editMessageText?text=%C4%90ang+b%E1%BA%AFt+%C4%91%E1%BA%A7u+qu%C3%A1+tr%C3%ACnh+make+%7C+Ti%E1%BA%BFn+%C4%91%E1%BB%99+21%25&chat_id=5618341371&message_id=279 HTTP/11" 200 385
2024-09-06 20:03:51,662 - DEBUG - https://api.telegram.org:443 "POST /bot7379104019:AAF6mss6m0TRtgTRyaEeNqI_5ZkN-OAbkTY/sendDocument?chat_id=5618341371 HTTP/11" 200 446
2024-09-06 20:03:52,059 - DEBUG - https://api.telegram.org:443 "POST /bot7379104019:AAF6mss6m0TRtgTRyaEeNqI_5ZkN-OAbkTY/editMessageText?text=%C4%90ang+b%E1%BA%AFt+%C4%91%E1%BA%A7u+qu%C3%A1+tr%C3%ACnh+make+%7C+Ti%E1%BA%BFn+%C4%91%E1%BB%99+100%25&chat_id=5618341371&message_id=279 HTTP/11" 200 386
2024-09-06 20:03:52,482 - DEBUG - https://api.telegram.org:443 "POST /bot7379104019:AAF6mss6m0TRtgTRyaEeNqI_5ZkN-OAbkTY/editMessageText?text=%C4%90%C3%A3+g%E1%BB%ADi+file+th%C3%A0nh+c%C3%B4ng%21&chat_id=5618341371&message_id=279 HTTP/11" 200 347
2024-09-06 20:03:59,114 - DEBUG - https://api.telegram.org:443 "GET /bot7379104019:AAF6mss6m0TRtgTRyaEeNqI_5ZkN-OAbkTY/getUpdates?offset=147435771&timeout=20 HTTP/11" 200 23
2024-09-06 20:04:19,328 - DEBUG - https://api.telegram.org:443 "GET /bot7379104019:AAF6mss6m0TRtgTRyaEeNqI_5ZkN-OAbkTY/getUpdates?offset=147435771&timeout=20 HTTP/11" 200 23
2024-09-06 20:04:39,550 - DEBUG - https://api.telegram.org:443 "GET /bot7379104019:AAF6mss6m0TRtgTRyaEeNqI_5ZkN-OAbkTY/getUpdates?offset=147435771&timeout=20 HTTP/11" 200 23
2024-09-06 20:04:59,781 - DEBUG - https://api.telegram.org:443 "GET /bot7379104019:AAF6mss6m0TRtgTRyaEeNqI_5ZkN-OAbkTY/getUpdates?offset=147435771&timeout=20 HTTP/11" 200 23
2024-09-06 20:05:12,474 - DEBUG - https://api.telegram.org:443 "GET /bot7379104019:AAF6mss6m0TRtgTRyaEeNqI_5ZkN-OAbkTY/getUpdates?offset=147435771&timeout=20 HTTP/11" 200 432
2024-09-06 20:05:12,936 - DEBUG - https://api.telegram.org:443 "POST /bot7379104019:AAF6mss6m0TRtgTRyaEeNqI_5ZkN-OAbkTY/sendMessage?chat_id=6581326766&text=%C4%90ang+d%E1%BB%8Dn+d%E1%BA%B9p+c%C3%A1c+file+c%C5%A9. HTTP/11" 200 330
2024-09-06 20:05:14,014 - DEBUG - https://api.telegram.org:443 "POST /bot7379104019:AAF6mss6m0TRtgTRyaEeNqI_5ZkN-OAbkTY/editMessageText?text=%C4%90ang+b%E1%BA%AFt+%C4%91%E1%BA%A7u+qu%C3%A1+tr%C3%ACnh+make+%7C+Ti%E1%BA%BFn+%C4%91%E1%BB%99+10%25&chat_id=6581326766&message_id=282 HTTP/11" 200 389
2024-09-06 20:05:14,447 - INFO - Output from make: [1;31m> [1;3;39mMaking all for tweak 34306jit…[m
2024-09-06 20:05:14,849 - DEBUG - https://api.telegram.org:443 "POST /bot7379104019:AAF6mss6m0TRtgTRyaEeNqI_5ZkN-OAbkTY/editMessageText?text=%C4%90ang+b%E1%BA%AFt+%C4%91%E1%BA%A7u+qu%C3%A1+tr%C3%ACnh+make+%7C+Ti%E1%BA%BFn+%C4%91%E1%BB%99+12%25&chat_id=6581326766&message_id=282 HTTP/11" 200 389
2024-09-06 20:05:15,960 - INFO - Output from make: [0;32m==> [1;39mCompiling SSZipArchive/minizip/ioapi.c (arm64)…[m
2024-09-06 20:05:16,378 - DEBUG - https://api.telegram.org:443 "POST /bot7379104019:AAF6mss6m0TRtgTRyaEeNqI_5ZkN-OAbkTY/editMessageText?text=%C4%90ang+b%E1%BA%AFt+%C4%91%E1%BA%A7u+qu%C3%A1+tr%C3%ACnh+make+%7C+Ti%E1%BA%BFn+%C4%91%E1%BB%99+15%25&chat_id=6581326766&message_id=282 HTTP/11" 200 389
2024-09-06 20:05:17,380 - INFO - Output from make: [0;32m==> [1;39mCompiling Esp/ImGuiLoad.m (arm64)…[m
2024-09-06 20:05:17,774 - DEBUG - https://api.telegram.org:443 "POST /bot7379104019:AAF6mss6m0TRtgTRyaEeNqI_5ZkN-OAbkTY/editMessageText?text=%C4%90ang+b%E1%BA%AFt+%C4%91%E1%BA%A7u+qu%C3%A1+tr%C3%ACnh+make+%7C+Ti%E1%BA%BFn+%C4%91%E1%BB%99+18%25&chat_id=6581326766&message_id=282 HTTP/11" 200 389
2024-09-06 20:05:18,776 - INFO - Output from make: [0;32m==> [1;39mCompiling Esp/PubgLoad.mm (arm64)…[m
2024-09-06 20:05:19,169 - DEBUG - https://api.telegram.org:443 "POST /bot7379104019:AAF6mss6m0TRtgTRyaEeNqI_5ZkN-OAbkTY/editMessageText?text=%C4%90ang+b%E1%BA%AFt+%C4%91%E1%BA%A7u+qu%C3%A1+tr%C3%ACnh+make+%7C+Ti%E1%BA%BFn+%C4%91%E1%BB%99+21%25&chat_id=6581326766&message_id=282 HTTP/11" 200 389
2024-09-06 20:05:23,916 - DEBUG - https://api.telegram.org:443 "POST /bot7379104019:AAF6mss6m0TRtgTRyaEeNqI_5ZkN-OAbkTY/sendDocument?chat_id=6581326766 HTTP/11" 200 450
2024-09-06 20:05:24,316 - DEBUG - https://api.telegram.org:443 "POST /bot7379104019:AAF6mss6m0TRtgTRyaEeNqI_5ZkN-OAbkTY/editMessageText?text=%C4%90ang+b%E1%BA%AFt+%C4%91%E1%BA%A7u+qu%C3%A1+tr%C3%ACnh+make+%7C+Ti%E1%BA%BFn+%C4%91%E1%BB%99+100%25&chat_id=6581326766&message_id=282 HTTP/11" 200 390
2024-09-06 20:05:24,717 - DEBUG - https://api.telegram.org:443 "POST /bot7379104019:AAF6mss6m0TRtgTRyaEeNqI_5ZkN-OAbkTY/editMessageText?text=%C4%90%C3%A3+g%E1%BB%ADi+file+th%C3%A0nh+c%C3%B4ng%21&chat_id=6581326766&message_id=282 HTTP/11" 200 351
2024-09-06 20:05:32,726 - DEBUG - https://api.telegram.org:443 "GET /bot7379104019:AAF6mss6m0TRtgTRyaEeNqI_5ZkN-OAbkTY/getUpdates?offset=147435772&timeout=20 HTTP/11" 200 23
2024-09-06 20:05:52,957 - DEBUG - https://api.telegram.org:443 "GET /bot7379104019:AAF6mss6m0TRtgTRyaEeNqI_5ZkN-OAbkTY/getUpdates?offset=147435772&timeout=20 HTTP/11" 200 23
2024-09-06 20:06:13,180 - DEBUG - https://api.telegram.org:443 "GET /bot7379104019:AAF6mss6m0TRtgTRyaEeNqI_5ZkN-OAbkTY/getUpdates?offset=147435772&timeout=20 HTTP/11" 200 23
2024-09-06 20:06:13,182 - DEBUG - Starting new HTTPS connection (1): api.telegram.org:443
2024-09-06 20:06:33,830 - DEBUG - https://api.telegram.org:443 "GET /bot7379104019:AAF6mss6m0TRtgTRyaEeNqI_5ZkN-OAbkTY/getUpdates?offset=147435772&timeout=20 HTTP/11" 200 23
2024-09-06 20:06:54,032 - DEBUG - https://api.telegram.org:443 "GET /bot7379104019:AAF6mss6m0TRtgTRyaEeNqI_5ZkN-OAbkTY/getUpdates?offset=147435772&timeout=20 HTTP/11" 200 23
2024-09-06 20:07:14,244 - DEBUG - https://api.telegram.org:443 "GET /bot7379104019:AAF6mss6m0TRtgTRyaEeNqI_5ZkN-OAbkTY/getUpdates?offset=147435772&timeout=20 HTTP/11" 200 23
2024-09-06 20:07:34,449 - DEBUG - https://api.telegram.org:443 "GET /bot7379104019:AAF6mss6m0TRtgTRyaEeNqI_5ZkN-OAbkTY/getUpdates?offset=147435772&timeout=20 HTTP/11" 200 23
2024-09-06 20:07:54,665 - DEBUG - https://api.telegram.org:443 "GET /bot7379104019:AAF6mss6m0TRtgTRyaEeNqI_5ZkN-OAbkTY/getUpdates?offset=147435772&timeout=20 HTTP/11" 200 23
2024-09-06 20:08:14,872 - DEBUG - https://api.telegram.org:443 "GET /bot7379104019:AAF6mss6m0TRtgTRyaEeNqI_5ZkN-OAbkTY/getUpdates?offset=147435772&timeout=20 HTTP/11" 200 23
2024-09-06 20:08:35,081 - DEBUG - https://api.telegram.org:443 "GET /bot7379104019:AAF6mss6m0TRtgTRyaEeNqI_5ZkN-OAbkTY/getUpdates?offset=147435772&timeout=20 HTTP/11" 200 23
2024-09-06 20:08:55,294 - DEBUG - https://api.telegram.org:443 "GET /bot7379104019:AAF6mss6m0TRtgTRyaEeNqI_5ZkN-OAbkTY/getUpdates?offset=147435772&timeout=20 HTTP/11" 200 23
2024-09-06 20:09:15,499 - DEBUG - https://api.telegram.org:443 "GET /bot7379104019:AAF6mss6m0TRtgTRyaEeNqI_5ZkN-OAbkTY/getUpdates?offset=147435772&timeout=20 HTTP/11" 200 23
2024-09-06 20:09:35,707 - DEBUG - https://api.telegram.org:443 "GET /bot7379104019:AAF6mss6m0TRtgTRyaEeNqI_5ZkN-OAbkTY/getUpdates?offset=147435772&timeout=20 HTTP/11" 200 23
2024-09-06 20:09:55,914 - DEBUG - https://api.telegram.org:443 "GET /bot7379104019:AAF6mss6m0TRtgTRyaEeNqI_5ZkN-OAbkTY/getUpdates?offset=147435772&timeout=20 HTTP/11" 200 23
